[2025-05-31 09:50:54] Unknown column 'medicamento_nombre' in 'field list'
[2025-05-31 10:48:55] Unknown column 'observaciones' in 'field list'
[2025-05-31 10:49:25] Unknown column 'observaciones' in 'field list'
[2025-06-01 05:41:15] ::1 - Anónimo: Unknown column 'observaciones' in 'field list'
[2025-06-01 05:41:43] ::1 - Anónimo: Unknown column 'observaciones' in 'field list'
[2025-06-01 05:42:20] ::1 - Anónimo: Unknown column 'observaciones' in 'field list'
[2025-06-01 05:43:37] ::1 - Anónimo: Unknown column 'riesgos_informados' in 'field list'
[2025-06-01 05:57:01] ::1 - Anónimo: Unknown column 'observaciones' in 'field list'
[2025-06-01 05:58:34] ::1 - Anónimo: Unknown column 'riesgos_informados' in 'field list'
[2025-06-01 05:59:44] ::1 - Anónimo: Unknown column 'observaciones' in 'field list'
[2025-06-01 06:01:44] ::1 - Anónimo: Unknown column 'observaciones' in 'field list'
[2025-06-01 22:16:33] ::1 - Anónimo: Unknown column 'medicacion' in 'field list'
[2025-06-01 22:47:45] ::1 - Anónimo: Unknown column 'medicacion' in 'field list'
[2025-06-01 22:49:41] ::1 - Anónimo: Unknown column 'medicacion' in 'field list'
[2025-06-01 22:58:30] ::1 - Anónimo: Unknown column 'medicacion' in 'field list'
[2025-06-02 10:21:39] ::1 - Anónimo: Unknown column 'tipo_interaccion' in 'field list'
[2025-06-02 10:22:45] ::1 - Anónimo: Unknown column 'tipo_interaccion' in 'field list'
[2025-06-02 10:23:40] ::1 - Anónimo: Unknown column 'tipo_interaccion' in 'field list'
[2025-06-03 04:51:40] ::1 - Anónimo: Unknown column 'tipo_interaccion' in 'field list'
[2025-06-03 04:51:59] ::1 - Anónimo: Unknown column 'tipo_interaccion' in 'field list'
[2025-06-03 04:53:43] ::1 - Anónimo: Unknown column 'tipo_interaccion' in 'field list'
[2025-06-03 04:56:05] ::1 - Anónimo: Unknown column 'tipo_interaccion' in 'field list'
[2025-06-03 07:11:18] ::1 - Anónimo: Error en procesar_firma: Column 'id_usuario' cannot be null
[2025-06-03 08:45:24] ::1 - Anónimo: Error en procesar_firma: Column 'id_usuario' cannot be null
[2025-06-03 08:46:01] ::1 - Anónimo: Error en procesar_firma: Column 'id_usuario' cannot be null
[2025-06-03 10:12:53] ::1 - Anónimo: Unknown column 'tipo_interaccion' in 'field list'
[2025-06-03 10:13:38] ::1 - Anónimo: Unknown column 'tipo_interaccion' in 'field list'
[2025-06-03 10:13:55] ::1 - Anónimo: Unknown column 'tipo_interaccion' in 'field list'
[2025-06-04 04:17:27] ::1 - Anónimo: Unknown column 't.direccion' in 'field list'
[2025-06-04 04:17:38] ::1 - Anónimo: Unknown column 't.direccion' in 'field list'
[2025-06-04 04:18:43] ::1 - Anónimo: Unknown column 't.direccion' in 'field list'
[2025-06-04 04:25:18] ::1 - Anónimo: Unknown column 't.direccion' in 'field list'
[2025-06-04 04:25:31] ::1 - Anónimo: Unknown column 't.direccion' in 'field list'
[2025-06-04 07:23:46] ::1 - Anónimo: No data supplied for parameters in prepared statement
[2025-06-04 23:45:27] ::1 - admin_panel: Unknown column 'id_vaca' in 'field list'
[2025-06-04 23:45:33] ::1 - admin_panel: Unknown column 'id_vaca' in 'field list'
[2025-06-04 23:46:15] ::1 - admin_panel: Unknown column 'id_vaca' in 'field list'
[2025-06-04 23:47:04] ::1 - admin_panel: Unknown column 'id_vaca' in 'field list'
[2025-06-04 23:53:06] ::1 - admin_panel: Unknown column 'id_vaca' in 'field list'
[2025-06-04 23:53:06] ::1 - admin_panel: Unknown column 'id_vaca' in 'field list'
[2025-06-04 23:53:06] ::1 - admin_panel: Unknown column 'id_vaca' in 'field list'
[2025-06-04 23:53:06] ::1 - admin_panel: Unknown column 'id_vaca' in 'field list'
[2025-06-04 23:53:06] ::1 - admin_panel: Unknown column 'id_vaca' in 'field list'
[2025-06-04 23:53:06] ::1 - admin_panel: Unknown column 'id_vaca' in 'field list'
[2025-06-04 23:53:06] ::1 - admin_panel: Unknown column 'id_vaca' in 'field list'
[2025-06-04 23:53:06] ::1 - admin_panel: Unknown column 'id_vaca' in 'field list'
[2025-06-04 23:53:06] ::1 - admin_panel: Unknown column 'id_vaca' in 'field list'
[2025-06-04 23:53:06] ::1 - admin_panel: Unknown column 'id_vaca' in 'field list'
[2025-06-04 23:53:06] ::1 - admin_panel: Unknown column 'id_vaca' in 'field list'
[2025-06-04 23:53:06] ::1 - admin_panel: Unknown column 'id_vaca' in 'field list'
[2025-06-04 23:53:06] ::1 - admin_panel: Unknown column 'id_vaca' in 'field list'
[2025-06-04 23:53:06] ::1 - admin_panel: Unknown column 'id_vaca' in 'field list'
[2025-06-04 23:53:06] ::1 - admin_panel: Unknown column 'id_vaca' in 'field list'
[2025-06-04 23:53:06] ::1 - admin_panel: Unknown column 'id_vaca' in 'field list'
[2025-06-04 23:53:06] ::1 - admin_panel: Unknown column 'id_vaca' in 'field list'
[2025-06-04 23:53:06] ::1 - admin_panel: Unknown column 'id_vaca' in 'field list'
[2025-06-04 23:53:06] ::1 - admin_panel: Unknown column 'id_vaca' in 'field list'
[2025-06-04 23:53:06] ::1 - admin_panel: Unknown column 'id_vaca' in 'field list'
[2025-06-04 23:53:07] ::1 - admin_panel: Unknown column 'id_vaca' in 'field list'
[2025-06-04 23:53:07] ::1 - admin_panel: Unknown column 'id_vaca' in 'field list'
[2025-06-04 23:53:07] ::1 - admin_panel: Unknown column 'id_vaca' in 'field list'
[2025-06-04 23:53:07] ::1 - admin_panel: Unknown column 'id_vaca' in 'field list'
[2025-06-04 23:53:07] ::1 - admin_panel: Unknown column 'id_vaca' in 'field list'
[2025-06-04 23:53:07] ::1 - admin_panel: Unknown column 'id_vaca' in 'field list'
[2025-06-04 23:53:07] ::1 - admin_panel: Unknown column 'id_vaca' in 'field list'
[2025-06-04 23:53:08] ::1 - admin_panel: Unknown column 'id_vaca' in 'field list'
[2025-06-04 23:53:08] ::1 - admin_panel: Unknown column 'id_vaca' in 'field list'
[2025-06-04 23:53:08] ::1 - admin_panel: Unknown column 'id_vaca' in 'field list'
[2025-06-04 23:53:08] ::1 - admin_panel: Unknown column 'id_vaca' in 'field list'
[2025-06-04 23:53:08] ::1 - admin_panel: Unknown column 'id_vaca' in 'field list'
[2025-06-04 23:53:08] ::1 - admin_panel: Unknown column 'id_vaca' in 'field list'
[2025-06-04 23:53:08] ::1 - admin_panel: Unknown column 'id_vaca' in 'field list'
[2025-06-04 23:53:08] ::1 - admin_panel: Unknown column 'id_vaca' in 'field list'
[2025-06-04 23:53:08] ::1 - admin_panel: Unknown column 'id_vaca' in 'field list'
[2025-06-04 23:53:08] ::1 - admin_panel: Unknown column 'id_vaca' in 'field list'
[2025-06-04 23:53:08] ::1 - admin_panel: Unknown column 'id_vaca' in 'field list'
[2025-06-04 23:53:08] ::1 - admin_panel: Unknown column 'id_vaca' in 'field list'
[2025-06-04 23:53:08] ::1 - admin_panel: Unknown column 'id_vaca' in 'field list'
[2025-06-04 23:53:13] ::1 - admin_panel: Unknown column 'id_vaca' in 'field list'
[2025-06-04 23:53:13] ::1 - admin_panel: Unknown column 'id_vaca' in 'field list'
[2025-06-04 23:53:13] ::1 - admin_panel: Unknown column 'id_vaca' in 'field list'
[2025-06-04 23:53:13] ::1 - admin_panel: Unknown column 'id_vaca' in 'field list'
[2025-06-04 23:53:13] ::1 - admin_panel: Unknown column 'id_vaca' in 'field list'
[2025-06-04 23:53:13] ::1 - admin_panel: Unknown column 'id_vaca' in 'field list'
[2025-06-04 23:53:13] ::1 - admin_panel: Unknown column 'id_vaca' in 'field list'
[2025-06-04 23:53:13] ::1 - admin_panel: Unknown column 'id_vaca' in 'field list'
[2025-06-04 23:53:13] ::1 - admin_panel: Unknown column 'id_vaca' in 'field list'
[2025-06-04 23:53:13] ::1 - admin_panel: Unknown column 'id_vaca' in 'field list'
[2025-06-04 23:53:13] ::1 - admin_panel: Unknown column 'id_vaca' in 'field list'
[2025-06-04 23:53:13] ::1 - admin_panel: Unknown column 'id_vaca' in 'field list'
[2025-06-04 23:53:13] ::1 - admin_panel: Unknown column 'id_vaca' in 'field list'
[2025-06-04 23:53:13] ::1 - admin_panel: Unknown column 'id_vaca' in 'field list'
[2025-06-04 23:53:13] ::1 - admin_panel: Unknown column 'id_vaca' in 'field list'
[2025-06-04 23:53:13] ::1 - admin_panel: Unknown column 'id_vaca' in 'field list'
[2025-06-04 23:53:13] ::1 - admin_panel: Unknown column 'id_vaca' in 'field list'
[2025-06-04 23:53:13] ::1 - admin_panel: Unknown column 'id_vaca' in 'field list'
[2025-06-04 23:53:13] ::1 - admin_panel: Unknown column 'id_vaca' in 'field list'
[2025-06-04 23:53:13] ::1 - admin_panel: Unknown column 'id_vaca' in 'field list'
[2025-06-05 00:10:21] ::1 - admin_panel: Unknown column 'id_vaca' in 'field list'
[2025-06-05 00:10:21] ::1 - admin_panel: Unknown column 'id_vaca' in 'field list'
[2025-06-05 00:10:21] ::1 - admin_panel: Unknown column 'id_vaca' in 'field list'
[2025-06-05 00:10:21] ::1 - admin_panel: Unknown column 'id_vaca' in 'field list'
[2025-06-05 00:10:21] ::1 - admin_panel: Unknown column 'id_vaca' in 'field list'
[2025-06-05 00:10:21] ::1 - admin_panel: Unknown column 'id_vaca' in 'field list'
[2025-06-05 00:10:21] ::1 - admin_panel: Unknown column 'id_vaca' in 'field list'
[2025-06-05 00:10:21] ::1 - admin_panel: Unknown column 'id_vaca' in 'field list'
[2025-06-05 00:10:21] ::1 - admin_panel: Unknown column 'id_vaca' in 'field list'
[2025-06-05 00:10:21] ::1 - admin_panel: Unknown column 'id_vaca' in 'field list'
[2025-06-05 00:10:21] ::1 - admin_panel: Unknown column 'id_vaca' in 'field list'
[2025-06-05 00:10:21] ::1 - admin_panel: Unknown column 'id_vaca' in 'field list'
[2025-06-05 00:10:21] ::1 - admin_panel: Unknown column 'id_vaca' in 'field list'
[2025-06-05 00:10:21] ::1 - admin_panel: Unknown column 'id_vaca' in 'field list'
[2025-06-05 00:10:21] ::1 - admin_panel: Unknown column 'id_vaca' in 'field list'
[2025-06-05 00:10:21] ::1 - admin_panel: Unknown column 'id_vaca' in 'field list'
[2025-06-05 00:10:21] ::1 - admin_panel: Unknown column 'id_vaca' in 'field list'
[2025-06-05 00:10:21] ::1 - admin_panel: Unknown column 'id_vaca' in 'field list'
[2025-06-05 00:10:21] ::1 - admin_panel: Unknown column 'id_vaca' in 'field list'
[2025-06-05 00:10:21] ::1 - admin_panel: Unknown column 'id_vaca' in 'field list'
[2025-06-05 00:10:22] ::1 - admin_panel: Unknown column 'id_vaca' in 'field list'
[2025-06-05 00:10:22] ::1 - admin_panel: Unknown column 'id_vaca' in 'field list'
[2025-06-05 00:10:22] ::1 - admin_panel: Unknown column 'id_vaca' in 'field list'
[2025-06-05 00:10:22] ::1 - admin_panel: Unknown column 'id_vaca' in 'field list'
[2025-06-05 00:10:22] ::1 - admin_panel: Unknown column 'id_vaca' in 'field list'
[2025-06-05 00:10:22] ::1 - admin_panel: Unknown column 'id_vaca' in 'field list'
[2025-06-05 00:10:22] ::1 - admin_panel: Unknown column 'id_vaca' in 'field list'
[2025-06-05 00:10:22] ::1 - admin_panel: Unknown column 'id_vaca' in 'field list'
[2025-06-05 00:10:23] ::1 - admin_panel: Unknown column 'id_vaca' in 'field list'
[2025-06-05 00:10:23] ::1 - admin_panel: Unknown column 'id_vaca' in 'field list'
[2025-06-05 00:10:23] ::1 - admin_panel: Unknown column 'id_vaca' in 'field list'
[2025-06-05 00:10:23] ::1 - admin_panel: Unknown column 'id_vaca' in 'field list'
[2025-06-05 00:13:09] ::1 - admin_panel: Unknown column 'id_vaca' in 'field list'
[2025-06-05 00:13:16] ::1 - admin_panel: Unknown column 'id_vaca' in 'field list'
[2025-06-05 00:15:34] ::1 - admin_panel: Unknown column 'id_vaca' in 'field list'
[2025-06-05 00:56:37] ::1 - admin_panel: Sesión expirada por inactividad: 1
[2025-06-05 02:34:08] ::1 - Anónimo: Intento de acceso no autorizado al panel de admin: /censo_mascotas/admin/form_agregar_usuario.php - Sesión: {"last_activity":1749112448}
[2025-06-05 02:37:22] ::1 - Anónimo: Intento de acceso no autorizado al panel de admin: /censo_mascotas//admin/perfil.php?id_usuario=18 - Sesión: {"last_activity":1749112642}
[2025-06-05 10:13:48] ::1 - test22: Sesión expirada por inactividad: 1
[2025-06-05 10:13:57] ::1 - Anónimo: Intento de acceso no autorizado al panel de admin: /censo_mascotas/admin/gestion_usuarios.php - Sesión: {"last_activity":1749140037}
[2025-06-05 10:42:55] ::1 - Anónimo: Intento de acceso no autorizado al panel de admin: /censo_mascotas//admin/perfil.php?id_usuario=21 - Sesión: {"last_activity":1749141775}
[2025-06-05 11:46:59] ::1 - test22: Sesión expirada por inactividad: 1
[2025-06-05 11:51:18] ::1 - test22: Intento de acceso no autorizado al panel de admin: /censo_mascotas//admin/perfil.php?id_usuario=21 - Sesión: {"last_activity":1749145878,"user_id":21,"username":"test22","rol":"veterinario","nombre_completo":"Test22","mensaje":"Tutor actualizado correctamente","tipo_mensaje":"success"}
[2025-06-05 12:57:33] ::1 - test22: Error al generar reporte: Unknown column 't.fecha_nacimiento' in 'field list'
[2025-06-05 13:56:18] ::1 - test22: Sesión expirada por inactividad: 1
[2025-06-05 16:00:23] ::1 - admin_panel: Sesión expirada por inactividad: 1
[2025-06-07 23:52:41] ::1 - admin_panel: Sesión expirada por inactividad: 1
[2025-06-08 01:27:27] ::1 - admin_panel: Sesión expirada por inactividad: 1
[2025-06-08 02:17:51] ::1 - admin_panel: Sesión expirada por inactividad: 1
[2025-06-08 19:46:12] ::1 - admin_panel: Sesión expirada por inactividad: 1
[2025-06-09 22:34:27] ::1 - admin_panel: Sesión expirada por inactividad: 1
[2025-06-10 08:48:53] ::1 - admin_panel: Column count doesn't match value count at row 1
[2025-06-10 00:48:53] ::1 - admin_panel: Sesión expirada por inactividad: 1
[2025-06-10 08:49:33] ::1 - admin_panel: Column count doesn't match value count at row 1
[2025-06-10 08:49:36] ::1 - admin_panel: Column count doesn't match value count at row 1
[2025-06-10 08:49:40] ::1 - admin_panel: Column count doesn't match value count at row 1
[2025-06-10 01:39:32] ::1 - admin_panel: Sesión expirada por inactividad: 1
[2025-06-10 09:40:33] ::1 - admin_panel: Column count doesn't match value count at row 1
[2025-06-10 10:26:06] ::1 - admin_panel: Column count doesn't match value count at row 1
[2025-06-10 02:26:06] ::1 - admin_panel: Sesión expirada por inactividad: 1
[2025-06-10 10:29:00] ::1 - admin_panel: Column count doesn't match value count at row 1
[2025-06-10 10:29:03] ::1 - admin_panel: Column count doesn't match value count at row 1
[2025-06-10 10:33:15] ::1 - admin_panel: Unknown column 'campana_lugar' in 'field list'
[2025-06-10 10:33:23] ::1 - admin_panel: Unknown column 'campana_lugar' in 'field list'
[2025-06-10 10:33:34] ::1 - admin_panel: Unknown column 'campana_lugar' in 'field list'
[2025-06-10 10:34:01] ::1 - admin_panel: Unknown column 'campana_lugar' in 'field list'
[2025-06-10 10:34:06] ::1 - admin_panel: Unknown column 'campana_lugar' in 'field list'
[2025-06-10 10:34:09] ::1 - admin_panel: Unknown column 'campana_lugar' in 'field list'
[2025-06-10 03:22:43] ::1 - admin_panel: Sesión expirada por inactividad: 1
[2025-06-11 17:42:18] ::1 - admin_panel: Sesión expirada por inactividad: 1
[2025-06-11 21:41:23] ::1 - admin_panel: Sesión expirada por inactividad: 1
[2025-06-12 15:17:38] ::1 - admin_panel: Sesión expirada por inactividad: 1
[2025-06-12 17:33:41] ::1 - admin_panel: Sesión expirada por inactividad: 1
[2025-06-12 18:11:14] ::1 - admin_panel: Sesión expirada por inactividad: 1
[2025-06-12 19:17:07] ::1 - admin_panel: Sesión expirada por inactividad: 1
[2025-06-12 23:13:14] ::1 - test22: Sesión expirada por inactividad: 1
